<?xml version="1.0" encoding="UTF-8"?>
<!-- Generated by org.testng.reporters.JUnitReportReporter -->
<testsuite hostname="LAPTOP-54D74TJQ" failures="0" tests="1" name="testCases.TC001_AccountRegistrationTest" time="4.907" errors="0" timestamp="2024-09-05T14:07:32 MDT" skipped="0">
  <testcase classname="testCases.TC001_AccountRegistrationTest" name="verify_account_registration" time="4.907"/>
</testsuite> <!-- testCases.TC001_AccountRegistrationTest -->
