<?xml version="1.0" encoding="UTF-8"?>
<!-- Generated by org.testng.reporters.JUnitReportReporter -->
<testsuite hostname="LAPTOP-54D74TJQ" failures="0" tests="5" name="testCases.TC003_LoginDDT" time="47.291" errors="0" timestamp="2024-08-14T15:51:47 MDT" skipped="0">
  <testcase classname="testCases.TC003_LoginDDT" name="verify_loginDDT" time="2.458"/>
  <testcase classname="testCases.TC003_LoginDDT" name="verify_loginDDT" time="11.520"/>
  <testcase classname="testCases.TC003_LoginDDT" name="verify_loginDDT" time="11.142"/>
  <testcase classname="testCases.TC003_LoginDDT" name="verify_loginDDT" time="11.110"/>
  <testcase classname="testCases.TC003_LoginDDT" name="verify_loginDDT" time="11.061"/>
</testsuite> <!-- testCases.TC003_LoginDDT -->
