<?xml version="1.0" encoding="UTF-8"?>
<!-- Generated by org.testng.reporters.JUnitReportReporter -->
<testsuite hostname="LAPTOP-54D74TJQ" failures="0" tests="1" name="testCases.TC_002_LoginTest" time="1.565" errors="0" timestamp="2024-09-05T20:05:55 MDT" skipped="0">
  <testcase classname="testCases.TC_002_LoginTest" name="verify_login" time="1.565"/>
</testsuite> <!-- testCases.TC_002_LoginTest -->
